<?xml version="1.0" encoding="UTF-8"?>
<testsuite xmlns:xsi="http://www.w3.org/2001/XMLSchema-instance" xsi:noNamespaceSchemaLocation="https://maven.apache.org/surefire/maven-surefire-plugin/xsd/surefire-test-report.xsd" name="ru.netology.stats.StatsServiceTest" time="0.001" tests="6" errors="0" skipped="0" failures="0">
  <properties>
[...]
</properties>
  <testcase name="maxSum" classname="ru.netology.stats.StatsServiceTest" time="0"/>
  <testcase name="minSum" classname="ru.netology.stats.StatsServiceTest" time="0"/>
  <testcase name="sum" classname="ru.netology.stats.StatsServiceTest" time="0"/>
  <testcase name="middleSum" classname="ru.netology.stats.StatsServiceTest" time="0"/>
  <testcase name="belowMidSum" classname="ru.netology.stats.StatsServiceTest" time="0"/>
  <testcase name="overMidSum" classname="ru.netology.stats.StatsServiceTest" time="0"/>
</testsuite>